Connecting to database specified by database.yml
Connecting to database specified by database.yml
  [1m[36m (29.5ms)[0m  [1mselect sqlite_version(*)[0m
  [1m[35m (342.0ms)[0m  CREATE TABLE "schema_migrations" ("version" varchar(255) NOT NULL) 
  [1m[36m (411.9ms)[0m  [1mCREATE UNIQUE INDEX "unique_schema_migrations" ON "schema_migrations" ("version")[0m
  [1m[35m (265.1ms)[0m  SELECT "schema_migrations"."version" FROM "schema_migrations" 
Migrating to CreateLocations (20140105193928)
  [1m[36m (0.1ms)[0m  [1mbegin transaction[0m
  [1m[35m (0.7ms)[0m  CREATE TABLE "locations" ("id" INTEGER PRIMARY KEY AUTOINCREMENT NOT NULL, "address" varchar(255), "latitude" float, "longitude" float, "created_at" datetime NOT NULL, "updated_at" datetime NOT NULL) 
  [1m[36m (0.1ms)[0m  [1mINSERT INTO "schema_migrations" ("version") VALUES ('20140105193928')[0m
  [1m[35m (532.9ms)[0m  commit transaction
  [1m[36m (0.1ms)[0m  [1mSELECT "schema_migrations"."version" FROM "schema_migrations" [0m
Connecting to database specified by database.yml


Started GET "/assets/rails.png" for 127.0.0.1 at 2014-01-05 12:01:15 -0800
Served asset /rails.png - 200 OK (224ms)


Started GET "/locations/new" for 127.0.0.1 at 2014-01-05 12:01:18 -0800
Processing by LocationsController#new as HTML
  Rendered locations/new.html.erb within layouts/application (12.1ms)
Completed 500 Internal Server Error in 367ms

ActionView::Template::Error (undefined method `title' for #<#<Class:0x007fe1c9c9a948>:0x007fe1c9c90538>):
    1: <% title "New Location" %>
    2: 
    3: <%= render 'form' %>
    4: 
  app/views/locations/new.html.erb:1:in `_app_views_locations_new_html_erb___4238773065090335428_70303876176840'


  Rendered /Users/jchen/.rvm/gems/ruby-1.9.3-p448/gems/actionpack-3.2.14/lib/action_dispatch/middleware/templates/rescues/_trace.erb (1.5ms)
  Rendered /Users/jchen/.rvm/gems/ruby-1.9.3-p448/gems/actionpack-3.2.14/lib/action_dispatch/middleware/templates/rescues/_request_and_response.erb (1.1ms)
  Rendered /Users/jchen/.rvm/gems/ruby-1.9.3-p448/gems/actionpack-3.2.14/lib/action_dispatch/middleware/templates/rescues/template_error.erb within rescues/layout (14.2ms)
Connecting to database specified by database.yml
Connecting to database specified by database.yml


Started GET "/locations/new" for 127.0.0.1 at 2014-01-05 12:03:07 -0800
Processing by LocationsController#new as HTML
  Rendered locations/new.html.erb within layouts/application (14.1ms)
Completed 500 Internal Server Error in 301ms

ActionView::Template::Error (undefined method `title' for #<#<Class:0x007fdfea4785c0>:0x007fdfea484730>):
    1: <% title "New Location" %>
    2: 
    3: <%= render 'form' %>
    4: 
  app/views/locations/new.html.erb:1:in `_app_views_locations_new_html_erb___1063597517793209534_70299861505020'


  Rendered /Users/jchen/.rvm/gems/ruby-1.9.3-p448/gems/actionpack-3.2.14/lib/action_dispatch/middleware/templates/rescues/_trace.erb (1.4ms)
  Rendered /Users/jchen/.rvm/gems/ruby-1.9.3-p448/gems/actionpack-3.2.14/lib/action_dispatch/middleware/templates/rescues/_request_and_response.erb (1.2ms)
  Rendered /Users/jchen/.rvm/gems/ruby-1.9.3-p448/gems/actionpack-3.2.14/lib/action_dispatch/middleware/templates/rescues/template_error.erb within rescues/layout (13.0ms)


Started GET "/locations/new" for 127.0.0.1 at 2014-01-05 12:03:24 -0800
Processing by LocationsController#new as HTML
  Rendered locations/new.html.erb within layouts/application (5.0ms)
Completed 500 Internal Server Error in 7ms

ActionView::Template::Error (undefined method `title' for #<#<Class:0x007fdfea4785c0>:0x007fdfea5c1670>):
    1: <% title "New Location" %>
    2: 
    3: <%= render 'form' %>
    4: 
  app/views/locations/new.html.erb:1:in `_app_views_locations_new_html_erb___1063597517793209534_70299861505020'


  Rendered /Users/jchen/.rvm/gems/ruby-1.9.3-p448/gems/actionpack-3.2.14/lib/action_dispatch/middleware/templates/rescues/_trace.erb (20.1ms)
  Rendered /Users/jchen/.rvm/gems/ruby-1.9.3-p448/gems/actionpack-3.2.14/lib/action_dispatch/middleware/templates/rescues/_request_and_response.erb (0.8ms)
  Rendered /Users/jchen/.rvm/gems/ruby-1.9.3-p448/gems/actionpack-3.2.14/lib/action_dispatch/middleware/templates/rescues/template_error.erb within rescues/layout (27.7ms)


Started GET "/locations/new" for 127.0.0.1 at 2014-01-05 12:03:25 -0800
Processing by LocationsController#new as HTML
  Rendered locations/new.html.erb within layouts/application (5.4ms)
Completed 500 Internal Server Error in 8ms

ActionView::Template::Error (undefined method `title' for #<#<Class:0x007fdfea4785c0>:0x007fdfea5a9a98>):
    1: <% title "New Location" %>
    2: 
    3: <%= render 'form' %>
    4: 
  app/views/locations/new.html.erb:1:in `_app_views_locations_new_html_erb___1063597517793209534_70299861505020'


  Rendered /Users/jchen/.rvm/gems/ruby-1.9.3-p448/gems/actionpack-3.2.14/lib/action_dispatch/middleware/templates/rescues/_trace.erb (1.1ms)
  Rendered /Users/jchen/.rvm/gems/ruby-1.9.3-p448/gems/actionpack-3.2.14/lib/action_dispatch/middleware/templates/rescues/_request_and_response.erb (0.8ms)
  Rendered /Users/jchen/.rvm/gems/ruby-1.9.3-p448/gems/actionpack-3.2.14/lib/action_dispatch/middleware/templates/rescues/template_error.erb within rescues/layout (6.7ms)


Started GET "/locations/new" for 127.0.0.1 at 2014-01-05 12:03:26 -0800
Processing by LocationsController#new as HTML
  Rendered locations/new.html.erb within layouts/application (4.6ms)
Completed 500 Internal Server Error in 6ms

ActionView::Template::Error (undefined method `title' for #<#<Class:0x007fdfea4785c0>:0x007fdfec93ebc0>):
    1: <% title "New Location" %>
    2: 
    3: <%= render 'form' %>
    4: 
  app/views/locations/new.html.erb:1:in `_app_views_locations_new_html_erb___1063597517793209534_70299861505020'


  Rendered /Users/jchen/.rvm/gems/ruby-1.9.3-p448/gems/actionpack-3.2.14/lib/action_dispatch/middleware/templates/rescues/_trace.erb (1.2ms)
  Rendered /Users/jchen/.rvm/gems/ruby-1.9.3-p448/gems/actionpack-3.2.14/lib/action_dispatch/middleware/templates/rescues/_request_and_response.erb (0.9ms)
  Rendered /Users/jchen/.rvm/gems/ruby-1.9.3-p448/gems/actionpack-3.2.14/lib/action_dispatch/middleware/templates/rescues/template_error.erb within rescues/layout (8.1ms)


Started GET "/locations/new" for 127.0.0.1 at 2014-01-05 12:03:27 -0800
Processing by LocationsController#new as HTML
  Rendered locations/new.html.erb within layouts/application (5.5ms)
Completed 500 Internal Server Error in 7ms

ActionView::Template::Error (undefined method `title' for #<#<Class:0x007fdfea4785c0>:0x007fdfea0d0788>):
    1: <% title "New Location" %>
    2: 
    3: <%= render 'form' %>
    4: 
  app/views/locations/new.html.erb:1:in `_app_views_locations_new_html_erb___1063597517793209534_70299861505020'


  Rendered /Users/jchen/.rvm/gems/ruby-1.9.3-p448/gems/actionpack-3.2.14/lib/action_dispatch/middleware/templates/rescues/_trace.erb (1.3ms)
  Rendered /Users/jchen/.rvm/gems/ruby-1.9.3-p448/gems/actionpack-3.2.14/lib/action_dispatch/middleware/templates/rescues/_request_and_response.erb (1.2ms)
  Rendered /Users/jchen/.rvm/gems/ruby-1.9.3-p448/gems/actionpack-3.2.14/lib/action_dispatch/middleware/templates/rescues/template_error.erb within rescues/layout (8.0ms)


Started GET "/locations/new" for 127.0.0.1 at 2014-01-05 12:03:28 -0800
Processing by LocationsController#new as HTML
  Rendered locations/new.html.erb within layouts/application (7.8ms)
Completed 500 Internal Server Error in 11ms

ActionView::Template::Error (undefined method `title' for #<#<Class:0x007fdfea4785c0>:0x007fdfec99ce50>):
    1: <% title "New Location" %>
    2: 
    3: <%= render 'form' %>
    4: 
  app/views/locations/new.html.erb:1:in `_app_views_locations_new_html_erb___1063597517793209534_70299861505020'


  Rendered /Users/jchen/.rvm/gems/ruby-1.9.3-p448/gems/actionpack-3.2.14/lib/action_dispatch/middleware/templates/rescues/_trace.erb (1.7ms)
  Rendered /Users/jchen/.rvm/gems/ruby-1.9.3-p448/gems/actionpack-3.2.14/lib/action_dispatch/middleware/templates/rescues/_request_and_response.erb (1.3ms)
  Rendered /Users/jchen/.rvm/gems/ruby-1.9.3-p448/gems/actionpack-3.2.14/lib/action_dispatch/middleware/templates/rescues/template_error.erb within rescues/layout (10.3ms)


Started GET "/locations/new" for 127.0.0.1 at 2014-01-05 12:03:29 -0800
Processing by LocationsController#new as HTML
  Rendered locations/new.html.erb within layouts/application (34.2ms)
Completed 500 Internal Server Error in 37ms

ActionView::Template::Error (undefined method `title' for #<#<Class:0x007fdfea4785c0>:0x007fdfec8cdc90>):
    1: <% title "New Location" %>
    2: 
    3: <%= render 'form' %>
    4: 
  app/views/locations/new.html.erb:1:in `_app_views_locations_new_html_erb___1063597517793209534_70299861505020'


  Rendered /Users/jchen/.rvm/gems/ruby-1.9.3-p448/gems/actionpack-3.2.14/lib/action_dispatch/middleware/templates/rescues/_trace.erb (1.4ms)
  Rendered /Users/jchen/.rvm/gems/ruby-1.9.3-p448/gems/actionpack-3.2.14/lib/action_dispatch/middleware/templates/rescues/_request_and_response.erb (1.1ms)
  Rendered /Users/jchen/.rvm/gems/ruby-1.9.3-p448/gems/actionpack-3.2.14/lib/action_dispatch/middleware/templates/rescues/template_error.erb within rescues/layout (9.3ms)


Started GET "/locations/new" for 127.0.0.1 at 2014-01-05 12:03:40 -0800
Processing by LocationsController#new as HTML
  Rendered locations/_form.html.erb (6.9ms)
  Rendered locations/new.html.erb within layouts/application (41.5ms)
Completed 500 Internal Server Error in 43ms

ActionView::Template::Error (undefined method `error_messages' for #<ActionView::Helpers::FormBuilder:0x007fdfec939eb8>):
    1: <%= form_for @location do |f| %>
    2:   <%= f.error_messages %>
    3:   <p>
    4:     <%= f.label :address %><br />
    5:     <%= f.text_field :address %>
  app/views/locations/_form.html.erb:2:in `block in _app_views_locations__form_html_erb___3953744941167643314_70299841322300'
  app/views/locations/_form.html.erb:1:in `_app_views_locations__form_html_erb___3953744941167643314_70299841322300'
  app/views/locations/new.html.erb:3:in `_app_views_locations_new_html_erb___1063597517793209534_70299861684540'


  Rendered /Users/jchen/.rvm/gems/ruby-1.9.3-p448/gems/actionpack-3.2.14/lib/action_dispatch/middleware/templates/rescues/_trace.erb (1.1ms)
  Rendered /Users/jchen/.rvm/gems/ruby-1.9.3-p448/gems/actionpack-3.2.14/lib/action_dispatch/middleware/templates/rescues/_request_and_response.erb (1.0ms)
  Rendered /Users/jchen/.rvm/gems/ruby-1.9.3-p448/gems/actionpack-3.2.14/lib/action_dispatch/middleware/templates/rescues/template_error.erb within rescues/layout (7.7ms)


Started GET "/locations/new" for 127.0.0.1 at 2014-01-05 12:03:57 -0800
Processing by LocationsController#new as HTML
  Rendered locations/_form.html.erb (7.6ms)
  Rendered locations/new.html.erb within layouts/application (8.1ms)
Completed 500 Internal Server Error in 10ms

ActionView::Template::Error (undefined method `error_messages' for #<ActionView::Helpers::FormBuilder:0x007fdfea2ff108>):
    1: <%= form_for @location do |f| %>
    2:  <!--  <%= f.error_messages %> -->
    3:   <p>
    4:     <%= f.label :address %><br />
    5:     <%= f.text_field :address %>
  app/views/locations/_form.html.erb:2:in `block in _app_views_locations__form_html_erb___3953744941167643314_70299840594540'
  app/views/locations/_form.html.erb:1:in `_app_views_locations__form_html_erb___3953744941167643314_70299840594540'
  app/views/locations/new.html.erb:3:in `_app_views_locations_new_html_erb___1063597517793209534_70299861684540'


  Rendered /Users/jchen/.rvm/gems/ruby-1.9.3-p448/gems/actionpack-3.2.14/lib/action_dispatch/middleware/templates/rescues/_trace.erb (1.8ms)
  Rendered /Users/jchen/.rvm/gems/ruby-1.9.3-p448/gems/actionpack-3.2.14/lib/action_dispatch/middleware/templates/rescues/_request_and_response.erb (1.4ms)
  Rendered /Users/jchen/.rvm/gems/ruby-1.9.3-p448/gems/actionpack-3.2.14/lib/action_dispatch/middleware/templates/rescues/template_error.erb within rescues/layout (9.2ms)


Started GET "/locations/new" for 127.0.0.1 at 2014-01-05 12:03:59 -0800
Processing by LocationsController#new as HTML
  Rendered locations/_form.html.erb (6.9ms)
  Rendered locations/new.html.erb within layouts/application (7.5ms)
Completed 500 Internal Server Error in 9ms

ActionView::Template::Error (undefined method `error_messages' for #<ActionView::Helpers::FormBuilder:0x007fdfec9755f8>):
    1: <%= form_for @location do |f| %>
    2:  <!--  <%= f.error_messages %> -->
    3:   <p>
    4:     <%= f.label :address %><br />
    5:     <%= f.text_field :address %>
  app/views/locations/_form.html.erb:2:in `block in _app_views_locations__form_html_erb___3953744941167643314_70299840594540'
  app/views/locations/_form.html.erb:1:in `_app_views_locations__form_html_erb___3953744941167643314_70299840594540'
  app/views/locations/new.html.erb:3:in `_app_views_locations_new_html_erb___1063597517793209534_70299861684540'


  Rendered /Users/jchen/.rvm/gems/ruby-1.9.3-p448/gems/actionpack-3.2.14/lib/action_dispatch/middleware/templates/rescues/_trace.erb (1.2ms)
  Rendered /Users/jchen/.rvm/gems/ruby-1.9.3-p448/gems/actionpack-3.2.14/lib/action_dispatch/middleware/templates/rescues/_request_and_response.erb (0.8ms)
  Rendered /Users/jchen/.rvm/gems/ruby-1.9.3-p448/gems/actionpack-3.2.14/lib/action_dispatch/middleware/templates/rescues/template_error.erb within rescues/layout (7.3ms)


Started GET "/locations/new" for 127.0.0.1 at 2014-01-05 12:04:43 -0800
Processing by LocationsController#new as HTML
  Rendered locations/_form.html.erb (121.6ms)
  Rendered locations/new.html.erb within layouts/application (136.2ms)
Completed 500 Internal Server Error in 162ms

ActionView::Template::Error (cannot load such file -- less
  (in /Users/jchen/Documents/APIMashup/app/assets/stylesheets/bootstrap_and_overrides.css.less)):
    2: <html>
    3: <head>
    4:   <title>APIMashup</title>
    5:   <%= stylesheet_link_tag    "application", :media => "all" %>
    6:   <%= javascript_include_tag "application" %>
    7:   <%= csrf_meta_tags %>
    8: </head>
  app/views/layouts/application.html.erb:5:in `_app_views_layouts_application_html_erb__4446887223277798644_70299861508080'


  Rendered /Users/jchen/.rvm/gems/ruby-1.9.3-p448/gems/actionpack-3.2.14/lib/action_dispatch/middleware/templates/rescues/_trace.erb (1.5ms)
  Rendered /Users/jchen/.rvm/gems/ruby-1.9.3-p448/gems/actionpack-3.2.14/lib/action_dispatch/middleware/templates/rescues/_request_and_response.erb (1.0ms)
  Rendered /Users/jchen/.rvm/gems/ruby-1.9.3-p448/gems/actionpack-3.2.14/lib/action_dispatch/middleware/templates/rescues/template_error.erb within rescues/layout (9.4ms)
Connecting to database specified by database.yml


Started GET "/locations/new" for 127.0.0.1 at 2014-01-05 13:14:23 -0800
Processing by LocationsController#new as HTML
  Rendered locations/_form.html.erb (13.3ms)
  Rendered locations/new.html.erb within layouts/application (59.6ms)
Completed 500 Internal Server Error in 238ms

ActionView::Template::Error (undefined method `error_messages' for #<ActionView::Helpers::FormBuilder:0x007fc2552a4a80>):
    1: <%= form_for @location do |f| %>
    2:   <%= f.error_messages %>
    3:   <p>
    4:     <%= f.label :address %><br />
    5:     <%= f.text_field :address %>
  app/views/locations/_form.html.erb:2:in `block in _app_views_locations__form_html_erb__4059481520819140638_70236319125980'
  app/views/locations/_form.html.erb:1:in `_app_views_locations__form_html_erb__4059481520819140638_70236319125980'
  app/views/locations/new.html.erb:3:in `_app_views_locations_new_html_erb___4127230819919354940_70236319425580'


  Rendered /Users/jchen/.rvm/gems/ruby-1.9.3-p448/gems/actionpack-3.2.14/lib/action_dispatch/middleware/templates/rescues/_trace.erb (1.4ms)
  Rendered /Users/jchen/.rvm/gems/ruby-1.9.3-p448/gems/actionpack-3.2.14/lib/action_dispatch/middleware/templates/rescues/_request_and_response.erb (1.3ms)
  Rendered /Users/jchen/.rvm/gems/ruby-1.9.3-p448/gems/actionpack-3.2.14/lib/action_dispatch/middleware/templates/rescues/template_error.erb within rescues/layout (12.9ms)


Started GET "/locations/new" for 127.0.0.1 at 2014-01-05 13:14:27 -0800
Processing by LocationsController#new as HTML
  Rendered locations/_form.html.erb (10.3ms)
  Rendered locations/new.html.erb within layouts/application (10.8ms)
Completed 500 Internal Server Error in 13ms

ActionView::Template::Error (undefined method `error_messages' for #<ActionView::Helpers::FormBuilder:0x007fc255bf2330>):
    1: <%= form_for @location do |f| %>
    2:   <%= f.error_messages %>
    3:   <p>
    4:     <%= f.label :address %><br />
    5:     <%= f.text_field :address %>
  app/views/locations/_form.html.erb:2:in `block in _app_views_locations__form_html_erb__4059481520819140638_70236319125980'
  app/views/locations/_form.html.erb:1:in `_app_views_locations__form_html_erb__4059481520819140638_70236319125980'
  app/views/locations/new.html.erb:3:in `_app_views_locations_new_html_erb___4127230819919354940_70236319425580'


  Rendered /Users/jchen/.rvm/gems/ruby-1.9.3-p448/gems/actionpack-3.2.14/lib/action_dispatch/middleware/templates/rescues/_trace.erb (1.0ms)
  Rendered /Users/jchen/.rvm/gems/ruby-1.9.3-p448/gems/actionpack-3.2.14/lib/action_dispatch/middleware/templates/rescues/_request_and_response.erb (1.0ms)
  Rendered /Users/jchen/.rvm/gems/ruby-1.9.3-p448/gems/actionpack-3.2.14/lib/action_dispatch/middleware/templates/rescues/template_error.erb within rescues/layout (7.6ms)


Started GET "/locations/new" for 127.0.0.1 at 2014-01-05 13:14:27 -0800
Processing by LocationsController#new as HTML
  Rendered locations/_form.html.erb (6.4ms)
  Rendered locations/new.html.erb within layouts/application (7.0ms)
Completed 500 Internal Server Error in 9ms

ActionView::Template::Error (undefined method `error_messages' for #<ActionView::Helpers::FormBuilder:0x007fc258428d68>):
    1: <%= form_for @location do |f| %>
    2:   <%= f.error_messages %>
    3:   <p>
    4:     <%= f.label :address %><br />
    5:     <%= f.text_field :address %>
  app/views/locations/_form.html.erb:2:in `block in _app_views_locations__form_html_erb__4059481520819140638_70236319125980'
  app/views/locations/_form.html.erb:1:in `_app_views_locations__form_html_erb__4059481520819140638_70236319125980'
  app/views/locations/new.html.erb:3:in `_app_views_locations_new_html_erb___4127230819919354940_70236319425580'


  Rendered /Users/jchen/.rvm/gems/ruby-1.9.3-p448/gems/actionpack-3.2.14/lib/action_dispatch/middleware/templates/rescues/_trace.erb (1.0ms)
  Rendered /Users/jchen/.rvm/gems/ruby-1.9.3-p448/gems/actionpack-3.2.14/lib/action_dispatch/middleware/templates/rescues/_request_and_response.erb (0.9ms)
  Rendered /Users/jchen/.rvm/gems/ruby-1.9.3-p448/gems/actionpack-3.2.14/lib/action_dispatch/middleware/templates/rescues/template_error.erb within rescues/layout (7.5ms)


Started GET "/locations/new" for 127.0.0.1 at 2014-01-05 13:14:28 -0800
Processing by LocationsController#new as HTML
  Rendered locations/_form.html.erb (28.9ms)
  Rendered locations/new.html.erb within layouts/application (29.7ms)
Completed 500 Internal Server Error in 32ms

ActionView::Template::Error (undefined method `error_messages' for #<ActionView::Helpers::FormBuilder:0x007fc2549effe8>):
    1: <%= form_for @location do |f| %>
    2:   <%= f.error_messages %>
    3:   <p>
    4:     <%= f.label :address %><br />
    5:     <%= f.text_field :address %>
  app/views/locations/_form.html.erb:2:in `block in _app_views_locations__form_html_erb__4059481520819140638_70236319125980'
  app/views/locations/_form.html.erb:1:in `_app_views_locations__form_html_erb__4059481520819140638_70236319125980'
  app/views/locations/new.html.erb:3:in `_app_views_locations_new_html_erb___4127230819919354940_70236319425580'


  Rendered /Users/jchen/.rvm/gems/ruby-1.9.3-p448/gems/actionpack-3.2.14/lib/action_dispatch/middleware/templates/rescues/_trace.erb (1.1ms)
  Rendered /Users/jchen/.rvm/gems/ruby-1.9.3-p448/gems/actionpack-3.2.14/lib/action_dispatch/middleware/templates/rescues/_request_and_response.erb (0.8ms)
  Rendered /Users/jchen/.rvm/gems/ruby-1.9.3-p448/gems/actionpack-3.2.14/lib/action_dispatch/middleware/templates/rescues/template_error.erb within rescues/layout (7.4ms)


Started GET "/locations/new" for 127.0.0.1 at 2014-01-05 13:14:28 -0800
Processing by LocationsController#new as HTML
  Rendered locations/_form.html.erb (7.9ms)
  Rendered locations/new.html.erb within layouts/application (8.6ms)
Completed 500 Internal Server Error in 10ms

ActionView::Template::Error (undefined method `error_messages' for #<ActionView::Helpers::FormBuilder:0x007fc255d60708>):
    1: <%= form_for @location do |f| %>
    2:   <%= f.error_messages %>
    3:   <p>
    4:     <%= f.label :address %><br />
    5:     <%= f.text_field :address %>
  app/views/locations/_form.html.erb:2:in `block in _app_views_locations__form_html_erb__4059481520819140638_70236319125980'
  app/views/locations/_form.html.erb:1:in `_app_views_locations__form_html_erb__4059481520819140638_70236319125980'
  app/views/locations/new.html.erb:3:in `_app_views_locations_new_html_erb___4127230819919354940_70236319425580'


  Rendered /Users/jchen/.rvm/gems/ruby-1.9.3-p448/gems/actionpack-3.2.14/lib/action_dispatch/middleware/templates/rescues/_trace.erb (2.1ms)
  Rendered /Users/jchen/.rvm/gems/ruby-1.9.3-p448/gems/actionpack-3.2.14/lib/action_dispatch/middleware/templates/rescues/_request_and_response.erb (1.2ms)
  Rendered /Users/jchen/.rvm/gems/ruby-1.9.3-p448/gems/actionpack-3.2.14/lib/action_dispatch/middleware/templates/rescues/template_error.erb within rescues/layout (10.4ms)


Started GET "/locations/new" for 127.0.0.1 at 2014-01-05 13:14:28 -0800
Processing by LocationsController#new as HTML
  Rendered locations/_form.html.erb (6.1ms)
  Rendered locations/new.html.erb within layouts/application (6.9ms)
Completed 500 Internal Server Error in 9ms

ActionView::Template::Error (undefined method `error_messages' for #<ActionView::Helpers::FormBuilder:0x007fc25413bfa0>):
    1: <%= form_for @location do |f| %>
    2:   <%= f.error_messages %>
    3:   <p>
    4:     <%= f.label :address %><br />
    5:     <%= f.text_field :address %>
  app/views/locations/_form.html.erb:2:in `block in _app_views_locations__form_html_erb__4059481520819140638_70236319125980'
  app/views/locations/_form.html.erb:1:in `_app_views_locations__form_html_erb__4059481520819140638_70236319125980'
  app/views/locations/new.html.erb:3:in `_app_views_locations_new_html_erb___4127230819919354940_70236319425580'


  Rendered /Users/jchen/.rvm/gems/ruby-1.9.3-p448/gems/actionpack-3.2.14/lib/action_dispatch/middleware/templates/rescues/_trace.erb (1.3ms)
  Rendered /Users/jchen/.rvm/gems/ruby-1.9.3-p448/gems/actionpack-3.2.14/lib/action_dispatch/middleware/templates/rescues/_request_and_response.erb (0.9ms)
  Rendered /Users/jchen/.rvm/gems/ruby-1.9.3-p448/gems/actionpack-3.2.14/lib/action_dispatch/middleware/templates/rescues/template_error.erb within rescues/layout (7.1ms)


Started GET "/locations/new" for 127.0.0.1 at 2014-01-05 13:14:28 -0800
Processing by LocationsController#new as HTML
  Rendered locations/_form.html.erb (13.1ms)
  Rendered locations/new.html.erb within layouts/application (13.7ms)
Completed 500 Internal Server Error in 15ms

ActionView::Template::Error (undefined method `error_messages' for #<ActionView::Helpers::FormBuilder:0x007fc25817ac38>):
    1: <%= form_for @location do |f| %>
    2:   <%= f.error_messages %>
    3:   <p>
    4:     <%= f.label :address %><br />
    5:     <%= f.text_field :address %>
  app/views/locations/_form.html.erb:2:in `block in _app_views_locations__form_html_erb__4059481520819140638_70236319125980'
  app/views/locations/_form.html.erb:1:in `_app_views_locations__form_html_erb__4059481520819140638_70236319125980'
  app/views/locations/new.html.erb:3:in `_app_views_locations_new_html_erb___4127230819919354940_70236319425580'


  Rendered /Users/jchen/.rvm/gems/ruby-1.9.3-p448/gems/actionpack-3.2.14/lib/action_dispatch/middleware/templates/rescues/_trace.erb (2.3ms)
  Rendered /Users/jchen/.rvm/gems/ruby-1.9.3-p448/gems/actionpack-3.2.14/lib/action_dispatch/middleware/templates/rescues/_request_and_response.erb (1.3ms)
  Rendered /Users/jchen/.rvm/gems/ruby-1.9.3-p448/gems/actionpack-3.2.14/lib/action_dispatch/middleware/templates/rescues/template_error.erb within rescues/layout (21.0ms)


Started GET "/locations/new" for 127.0.0.1 at 2014-01-05 13:14:28 -0800
Processing by LocationsController#new as HTML
  Rendered locations/_form.html.erb (13.3ms)
  Rendered locations/new.html.erb within layouts/application (14.1ms)
Completed 500 Internal Server Error in 17ms

ActionView::Template::Error (undefined method `error_messages' for #<ActionView::Helpers::FormBuilder:0x007fc25496ea38>):
    1: <%= form_for @location do |f| %>
    2:   <%= f.error_messages %>
    3:   <p>
    4:     <%= f.label :address %><br />
    5:     <%= f.text_field :address %>
  app/views/locations/_form.html.erb:2:in `block in _app_views_locations__form_html_erb__4059481520819140638_70236319125980'
  app/views/locations/_form.html.erb:1:in `_app_views_locations__form_html_erb__4059481520819140638_70236319125980'
  app/views/locations/new.html.erb:3:in `_app_views_locations_new_html_erb___4127230819919354940_70236319425580'


  Rendered /Users/jchen/.rvm/gems/ruby-1.9.3-p448/gems/actionpack-3.2.14/lib/action_dispatch/middleware/templates/rescues/_trace.erb (1.3ms)
  Rendered /Users/jchen/.rvm/gems/ruby-1.9.3-p448/gems/actionpack-3.2.14/lib/action_dispatch/middleware/templates/rescues/_request_and_response.erb (0.9ms)
  Rendered /Users/jchen/.rvm/gems/ruby-1.9.3-p448/gems/actionpack-3.2.14/lib/action_dispatch/middleware/templates/rescues/template_error.erb within rescues/layout (37.7ms)


Started GET "/locations/new" for 127.0.0.1 at 2014-01-05 13:14:29 -0800
Processing by LocationsController#new as HTML
  Rendered locations/_form.html.erb (11.4ms)
  Rendered locations/new.html.erb within layouts/application (12.2ms)
Completed 500 Internal Server Error in 15ms

ActionView::Template::Error (undefined method `error_messages' for #<ActionView::Helpers::FormBuilder:0x007fc255cc5488>):
    1: <%= form_for @location do |f| %>
    2:   <%= f.error_messages %>
    3:   <p>
    4:     <%= f.label :address %><br />
    5:     <%= f.text_field :address %>
  app/views/locations/_form.html.erb:2:in `block in _app_views_locations__form_html_erb__4059481520819140638_70236319125980'
  app/views/locations/_form.html.erb:1:in `_app_views_locations__form_html_erb__4059481520819140638_70236319125980'
  app/views/locations/new.html.erb:3:in `_app_views_locations_new_html_erb___4127230819919354940_70236319425580'


  Rendered /Users/jchen/.rvm/gems/ruby-1.9.3-p448/gems/actionpack-3.2.14/lib/action_dispatch/middleware/templates/rescues/_trace.erb (1.2ms)
  Rendered /Users/jchen/.rvm/gems/ruby-1.9.3-p448/gems/actionpack-3.2.14/lib/action_dispatch/middleware/templates/rescues/_request_and_response.erb (1.3ms)
  Rendered /Users/jchen/.rvm/gems/ruby-1.9.3-p448/gems/actionpack-3.2.14/lib/action_dispatch/middleware/templates/rescues/template_error.erb within rescues/layout (8.8ms)


Started GET "/locations/new" for 127.0.0.1 at 2014-01-05 13:15:22 -0800
Processing by LocationsController#new as HTML
  Rendered locations/_form.html.erb (156.2ms)
  Rendered locations/new.html.erb within layouts/application (163.6ms)
Compiled bootstrap_and_overrides.css  (1193ms)  (pid 17920)
Compiled application.css  (1233ms)  (pid 17920)
Compiled jquery.js  (61ms)  (pid 17920)
Compiled jquery_ujs.js  (0ms)  (pid 17920)
Compiled twitter/bootstrap/bootstrap-transition.js  (0ms)  (pid 17920)
Compiled twitter/bootstrap/bootstrap-alert.js  (0ms)  (pid 17920)
Compiled twitter/bootstrap/bootstrap-modal.js  (0ms)  (pid 17920)
Compiled twitter/bootstrap/bootstrap-dropdown.js  (0ms)  (pid 17920)
Compiled twitter/bootstrap/bootstrap-scrollspy.js  (0ms)  (pid 17920)
Compiled twitter/bootstrap/bootstrap-tab.js  (0ms)  (pid 17920)
Compiled twitter/bootstrap/bootstrap-tooltip.js  (0ms)  (pid 17920)
Compiled twitter/bootstrap/bootstrap-popover.js  (0ms)  (pid 17920)
Compiled twitter/bootstrap/bootstrap-button.js  (0ms)  (pid 17920)
Compiled twitter/bootstrap/bootstrap-collapse.js  (0ms)  (pid 17920)
Compiled twitter/bootstrap/bootstrap-carousel.js  (0ms)  (pid 17920)
Compiled twitter/bootstrap/bootstrap-typeahead.js  (0ms)  (pid 17920)
Compiled twitter/bootstrap/bootstrap-affix.js  (0ms)  (pid 17920)
Compiled twitter/bootstrap.js  (313ms)  (pid 17920)
Compiled bootstrap.js  (113ms)  (pid 17920)
Compiled application.js  (573ms)  (pid 17920)
Completed 200 OK in 2110ms (Views: 2109.9ms | ActiveRecord: 0.0ms)


Started GET "/locations/new" for 127.0.0.1 at 2014-01-05 13:15:24 -0800
Processing by LocationsController#new as HTML
  Rendered locations/_form.html.erb (2.3ms)
  Rendered locations/new.html.erb within layouts/application (3.0ms)
Completed 200 OK in 11ms (Views: 11.1ms | ActiveRecord: 0.0ms)


Started GET "/locations/new" for 127.0.0.1 at 2014-01-05 13:15:24 -0800
Processing by LocationsController#new as HTML
  Rendered locations/_form.html.erb (2.0ms)
  Rendered locations/new.html.erb within layouts/application (2.8ms)
Completed 200 OK in 9ms (Views: 9.2ms | ActiveRecord: 0.0ms)


Started GET "/locations/new" for 127.0.0.1 at 2014-01-05 13:15:24 -0800
Processing by LocationsController#new as HTML
  Rendered locations/_form.html.erb (1.6ms)
  Rendered locations/new.html.erb within layouts/application (2.2ms)
Completed 200 OK in 9ms (Views: 8.6ms | ActiveRecord: 0.0ms)


Started GET "/assets/application.css?body=1" for 127.0.0.1 at 2014-01-05 13:15:25 -0800
Served asset /application.css - 200 OK (10ms)


Started GET "/assets/bootstrap_and_overrides.css?body=1" for 127.0.0.1 at 2014-01-05 13:15:25 -0800
Served asset /bootstrap_and_overrides.css - 200 OK (5ms)


Started GET "/assets/jquery.js?body=1" for 127.0.0.1 at 2014-01-05 13:15:25 -0800
Served asset /jquery.js - 200 OK (3ms)


Started GET "/assets/jquery_ujs.js?body=1" for 127.0.0.1 at 2014-01-05 13:15:25 -0800
Served asset /jquery_ujs.js - 200 OK (2ms)


Started GET "/assets/twitter/bootstrap/bootstrap-alert.js?body=1" for 127.0.0.1 at 2014-01-05 13:15:25 -0800
Served asset /twitter/bootstrap/bootstrap-alert.js - 200 OK (3ms)


Started GET "/locations/new" for 127.0.0.1 at 2014-01-05 13:15:25 -0800
Processing by LocationsController#new as HTML
  Rendered locations/_form.html.erb (5.6ms)
  Rendered locations/new.html.erb within layouts/application (7.4ms)
Completed 200 OK in 21ms (Views: 20.5ms | ActiveRecord: 0.0ms)


Started GET "/assets/jquery_ujs.js?body=1" for 127.0.0.1 at 2014-01-05 13:15:25 -0800
Served asset /jquery_ujs.js - 200 OK (0ms)


Started GET "/locations/new" for 127.0.0.1 at 2014-01-05 13:15:25 -0800
Processing by LocationsController#new as HTML
  Rendered locations/_form.html.erb (3.0ms)
  Rendered locations/new.html.erb within layouts/application (4.0ms)
Completed 200 OK in 14ms (Views: 14.1ms | ActiveRecord: 0.0ms)


Started GET "/assets/application.css?body=1" for 127.0.0.1 at 2014-01-05 13:15:25 -0800
Served asset /application.css - 304 Not Modified (0ms)


Started GET "/assets/twitter/bootstrap/bootstrap-alert.js?body=1" for 127.0.0.1 at 2014-01-05 13:15:25 -0800
Served asset /twitter/bootstrap/bootstrap-alert.js - 304 Not Modified (0ms)


Started GET "/assets/bootstrap_and_overrides.css?body=1" for 127.0.0.1 at 2014-01-05 13:15:25 -0800
Served asset /bootstrap_and_overrides.css - 200 OK (0ms)


Started GET "/assets/jquery.js?body=1" for 127.0.0.1 at 2014-01-05 13:15:25 -0800
Served asset /jquery.js - 200 OK (0ms)


Started GET "/assets/twitter/bootstrap/bootstrap-transition.js?body=1" for 127.0.0.1 at 2014-01-05 13:15:25 -0800
Served asset /twitter/bootstrap/bootstrap-transition.js - 200 OK (3ms)


Started GET "/assets/jquery_ujs.js?body=1" for 127.0.0.1 at 2014-01-05 13:15:25 -0800
Served asset /jquery_ujs.js - 304 Not Modified (0ms)


Started GET "/assets/twitter/bootstrap/bootstrap-modal.js?body=1" for 127.0.0.1 at 2014-01-05 13:15:25 -0800
Served asset /twitter/bootstrap/bootstrap-modal.js - 200 OK (3ms)


Started GET "/assets/twitter/bootstrap/bootstrap-scrollspy.js?body=1" for 127.0.0.1 at 2014-01-05 13:15:25 -0800
Served asset /twitter/bootstrap/bootstrap-scrollspy.js - 200 OK (5ms)


Started GET "/assets/twitter/bootstrap/bootstrap-tab.js?body=1" for 127.0.0.1 at 2014-01-05 13:15:25 -0800
Served asset /twitter/bootstrap/bootstrap-tab.js - 200 OK (2ms)


Started GET "/assets/twitter/bootstrap/bootstrap-dropdown.js?body=1" for 127.0.0.1 at 2014-01-05 13:15:25 -0800
Served asset /twitter/bootstrap/bootstrap-dropdown.js - 200 OK (3ms)


Started GET "/assets/twitter/bootstrap/bootstrap-tooltip.js?body=1" for 127.0.0.1 at 2014-01-05 13:15:25 -0800
Served asset /twitter/bootstrap/bootstrap-tooltip.js - 200 OK (3ms)


Started GET "/assets/twitter/bootstrap/bootstrap-popover.js?body=1" for 127.0.0.1 at 2014-01-05 13:15:25 -0800
Served asset /twitter/bootstrap/bootstrap-popover.js - 200 OK (3ms)


Started GET "/assets/twitter/bootstrap/bootstrap-button.js?body=1" for 127.0.0.1 at 2014-01-05 13:15:25 -0800
Served asset /twitter/bootstrap/bootstrap-button.js - 200 OK (3ms)


Started GET "/assets/twitter/bootstrap/bootstrap-collapse.js?body=1" for 127.0.0.1 at 2014-01-05 13:15:26 -0800
Served asset /twitter/bootstrap/bootstrap-collapse.js - 200 OK (4ms)


Started GET "/assets/twitter/bootstrap/bootstrap-carousel.js?body=1" for 127.0.0.1 at 2014-01-05 13:15:26 -0800
Served asset /twitter/bootstrap/bootstrap-carousel.js - 200 OK (4ms)


Started GET "/assets/twitter/bootstrap/bootstrap-typeahead.js?body=1" for 127.0.0.1 at 2014-01-05 13:15:26 -0800
Served asset /twitter/bootstrap/bootstrap-typeahead.js - 200 OK (2ms)


Started GET "/assets/twitter/bootstrap.js?body=1" for 127.0.0.1 at 2014-01-05 13:15:26 -0800
Served asset /twitter/bootstrap.js - 200 OK (20ms)


Started GET "/assets/twitter/bootstrap/bootstrap-affix.js?body=1" for 127.0.0.1 at 2014-01-05 13:15:26 -0800
Served asset /twitter/bootstrap/bootstrap-affix.js - 200 OK (3ms)


Started GET "/assets/bootstrap.js?body=1" for 127.0.0.1 at 2014-01-05 13:15:26 -0800
Served asset /bootstrap.js - 200 OK (1ms)


Started GET "/assets/application.js?body=1" for 127.0.0.1 at 2014-01-05 13:15:26 -0800
Served asset /application.js - 200 OK (80ms)


Started POST "/locations" for 127.0.0.1 at 2014-01-05 13:15:32 -0800
Processing by LocationsController#create as HTML
  Parameters: {"utf8"=>"✓", "authenticity_token"=>"7lbeG9lUcP2iOVV+EucXRUQx+hn6wIbGAS6DklccS3Y=", "location"=>{"address"=>"Eiffel Tower", "latitude"=>"", "longitude"=>""}, "commit"=>"Create Location"}
  [1m[36m (0.1ms)[0m  [1mbegin transaction[0m
  [1m[35mSQL (440.8ms)[0m  INSERT INTO "locations" ("address", "created_at", "latitude", "longitude", "updated_at") VALUES (?, ?, ?, ?, ?)  [["address", "Eiffel Tower"], ["created_at", Sun, 05 Jan 2014 21:15:33 UTC +00:00], ["latitude", 48.8582285], ["longitude", 2.2943877], ["updated_at", Sun, 05 Jan 2014 21:15:33 UTC +00:00]]
  [1m[36m (4.7ms)[0m  [1mcommit transaction[0m
Redirected to http://localhost:3000/locations/1
Completed 302 Found in 1304ms (ActiveRecord: 445.6ms)


Started GET "/locations/1" for 127.0.0.1 at 2014-01-05 13:15:34 -0800
Processing by LocationsController#show as HTML
  Parameters: {"id"=>"1"}
  [1m[35mLocation Load (0.2ms)[0m  SELECT "locations".* FROM "locations" 
  Rendered locations/show.html.erb within layouts/application (2.3ms)
Completed 500 Internal Server Error in 27ms

ActionView::Template::Error (undefined method `address' for nil:NilClass):
    2: 
    3: <p>
    4:   <strong>Address:</strong>
    5:   <%= @location.address %>
    6: </p>
    7: <p>
    8:   <strong>Latitude:</strong>
  app/views/locations/show.html.erb:5:in `_app_views_locations_show_html_erb___799951581646409145_70236319977140'


  Rendered /Users/jchen/.rvm/gems/ruby-1.9.3-p448/gems/actionpack-3.2.14/lib/action_dispatch/middleware/templates/rescues/_trace.erb (1.4ms)
  Rendered /Users/jchen/.rvm/gems/ruby-1.9.3-p448/gems/actionpack-3.2.14/lib/action_dispatch/middleware/templates/rescues/_request_and_response.erb (1.2ms)
  Rendered /Users/jchen/.rvm/gems/ruby-1.9.3-p448/gems/actionpack-3.2.14/lib/action_dispatch/middleware/templates/rescues/template_error.erb within rescues/layout (30.7ms)


Started POST "/locations" for 127.0.0.1 at 2014-01-05 13:16:57 -0800
Processing by LocationsController#create as HTML
  Parameters: {"utf8"=>"✓", "authenticity_token"=>"7lbeG9lUcP2iOVV+EucXRUQx+hn6wIbGAS6DklccS3Y=", "location"=>{"address"=>"greenwich Observatory ", "latitude"=>"51.777", "longitude"=>"-0.0013"}, "commit"=>"Create Location"}
  [1m[36m (0.1ms)[0m  [1mbegin transaction[0m
  [1m[35mSQL (1.8ms)[0m  INSERT INTO "locations" ("address", "created_at", "latitude", "longitude", "updated_at") VALUES (?, ?, ?, ?, ?)  [["address", "greenwich Observatory "], ["created_at", Sun, 05 Jan 2014 21:16:57 UTC +00:00], ["latitude", 51.476853], ["longitude", -0.0005002], ["updated_at", Sun, 05 Jan 2014 21:16:57 UTC +00:00]]
  [1m[36m (6.5ms)[0m  [1mcommit transaction[0m
Redirected to http://localhost:3000/locations/2
Completed 302 Found in 224ms (ActiveRecord: 8.5ms)


Started GET "/locations/2" for 127.0.0.1 at 2014-01-05 13:16:57 -0800
Processing by LocationsController#show as HTML
  Parameters: {"id"=>"2"}
  [1m[35mLocation Load (0.2ms)[0m  SELECT "locations".* FROM "locations" 
  Rendered locations/show.html.erb within layouts/application (0.9ms)
Completed 500 Internal Server Error in 38ms

ActionView::Template::Error (undefined method `address' for nil:NilClass):
    2: 
    3: <p>
    4:   <strong>Address:</strong>
    5:   <%= @location.address %>
    6: </p>
    7: <p>
    8:   <strong>Latitude:</strong>
  app/views/locations/show.html.erb:5:in `_app_views_locations_show_html_erb___799951581646409145_70236319977140'


  Rendered /Users/jchen/.rvm/gems/ruby-1.9.3-p448/gems/actionpack-3.2.14/lib/action_dispatch/middleware/templates/rescues/_trace.erb (1.8ms)
  Rendered /Users/jchen/.rvm/gems/ruby-1.9.3-p448/gems/actionpack-3.2.14/lib/action_dispatch/middleware/templates/rescues/_request_and_response.erb (1.2ms)
  Rendered /Users/jchen/.rvm/gems/ruby-1.9.3-p448/gems/actionpack-3.2.14/lib/action_dispatch/middleware/templates/rescues/template_error.erb within rescues/layout (24.2ms)


Started GET "/locations/2" for 127.0.0.1 at 2014-01-05 13:17:59 -0800
Processing by LocationsController#show as HTML
  Parameters: {"id"=>"2"}
  [1m[36mLocation Load (0.2ms)[0m  [1mSELECT "locations".* FROM "locations" [0m
  Rendered locations/show.html.erb within layouts/application (1.8ms)
Completed 500 Internal Server Error in 22ms

ActionView::Template::Error (undefined method `address' for nil:NilClass):
    1: Location
    2: <p>
    3:   <strong>Address:</strong>
    4:   <%= @location.address %>
    5: </p>
    6: <p>
    7:   <strong>Latitude:</strong>
  app/views/locations/show.html.erb:4:in `_app_views_locations_show_html_erb___799951581646409145_70236340112440'


  Rendered /Users/jchen/.rvm/gems/ruby-1.9.3-p448/gems/actionpack-3.2.14/lib/action_dispatch/middleware/templates/rescues/_trace.erb (67.1ms)
  Rendered /Users/jchen/.rvm/gems/ruby-1.9.3-p448/gems/actionpack-3.2.14/lib/action_dispatch/middleware/templates/rescues/_request_and_response.erb (1.1ms)
  Rendered /Users/jchen/.rvm/gems/ruby-1.9.3-p448/gems/actionpack-3.2.14/lib/action_dispatch/middleware/templates/rescues/template_error.erb within rescues/layout (77.0ms)


Started GET "/locations/2" for 127.0.0.1 at 2014-01-05 13:18:00 -0800
Processing by LocationsController#show as HTML
  Parameters: {"id"=>"2"}
  [1m[35mLocation Load (0.2ms)[0m  SELECT "locations".* FROM "locations" 
  Rendered locations/show.html.erb within layouts/application (0.6ms)
Completed 500 Internal Server Error in 3ms

ActionView::Template::Error (undefined method `address' for nil:NilClass):
    1: Location
    2: <p>
    3:   <strong>Address:</strong>
    4:   <%= @location.address %>
    5: </p>
    6: <p>
    7:   <strong>Latitude:</strong>
  app/views/locations/show.html.erb:4:in `_app_views_locations_show_html_erb___799951581646409145_70236340112440'


  Rendered /Users/jchen/.rvm/gems/ruby-1.9.3-p448/gems/actionpack-3.2.14/lib/action_dispatch/middleware/templates/rescues/_trace.erb (1.1ms)
  Rendered /Users/jchen/.rvm/gems/ruby-1.9.3-p448/gems/actionpack-3.2.14/lib/action_dispatch/middleware/templates/rescues/_request_and_response.erb (1.0ms)
  Rendered /Users/jchen/.rvm/gems/ruby-1.9.3-p448/gems/actionpack-3.2.14/lib/action_dispatch/middleware/templates/rescues/template_error.erb within rescues/layout (7.6ms)


Started GET "/locations/2" for 127.0.0.1 at 2014-01-05 13:18:01 -0800
Processing by LocationsController#show as HTML
  Parameters: {"id"=>"2"}
  [1m[36mLocation Load (0.2ms)[0m  [1mSELECT "locations".* FROM "locations" [0m
  Rendered locations/show.html.erb within layouts/application (0.8ms)
Completed 500 Internal Server Error in 4ms

ActionView::Template::Error (undefined method `address' for nil:NilClass):
    1: Location
    2: <p>
    3:   <strong>Address:</strong>
    4:   <%= @location.address %>
    5: </p>
    6: <p>
    7:   <strong>Latitude:</strong>
  app/views/locations/show.html.erb:4:in `_app_views_locations_show_html_erb___799951581646409145_70236340112440'


  Rendered /Users/jchen/.rvm/gems/ruby-1.9.3-p448/gems/actionpack-3.2.14/lib/action_dispatch/middleware/templates/rescues/_trace.erb (1.2ms)
  Rendered /Users/jchen/.rvm/gems/ruby-1.9.3-p448/gems/actionpack-3.2.14/lib/action_dispatch/middleware/templates/rescues/_request_and_response.erb (1.0ms)
  Rendered /Users/jchen/.rvm/gems/ruby-1.9.3-p448/gems/actionpack-3.2.14/lib/action_dispatch/middleware/templates/rescues/template_error.erb within rescues/layout (8.2ms)


Started GET "/locations/2" for 127.0.0.1 at 2014-01-05 13:18:42 -0800
Processing by LocationsController#show as HTML
  Parameters: {"id"=>"2"}
  [1m[35mLocation Load (0.2ms)[0m  SELECT "locations".* FROM "locations" WHERE "locations"."id" = ? LIMIT 1  [["id", "2"]]
  [1m[36mLocation Load (0.5ms)[0m  [1mSELECT locations.*, (69.09332411348201 * ABS(locations.latitude - 51.476853) * 0.7071067811865475) + (59.836573914187355 * ABS(locations.longitude - -0.0005002) * 0.7071067811865475) AS distance, CASE WHEN (locations.latitude >= 51.476853 AND locations.longitude >= -0.0005002) THEN 45.0 WHEN (locations.latitude < 51.476853 AND locations.longitude >= -0.0005002) THEN 135.0 WHEN (locations.latitude < 51.476853 AND locations.longitude < -0.0005002) THEN 225.0 WHEN (locations.latitude >= 51.476853 AND locations.longitude < -0.0005002) THEN 315.0 END AS bearing FROM "locations" WHERE (locations.latitude BETWEEN 51.33212121688915 AND 51.62158478311085 AND locations.longitude BETWEEN -0.23287758738576061 AND 0.2318771873857606 AND locations.id != 2) ORDER BY distance ASC[0m
  Rendered locations/show.html.erb within layouts/application (34.2ms)
Completed 200 OK in 50ms (Views: 40.8ms | ActiveRecord: 1.2ms)


Started GET "/assets/application.css?body=1" for 127.0.0.1 at 2014-01-05 13:18:42 -0800
Served asset /application.css - 304 Not Modified (0ms)


Started GET "/assets/bootstrap_and_overrides.css?body=1" for 127.0.0.1 at 2014-01-05 13:18:42 -0800
Served asset /bootstrap_and_overrides.css - 304 Not Modified (0ms)


Started GET "/assets/jquery.js?body=1" for 127.0.0.1 at 2014-01-05 13:18:42 -0800
Served asset /jquery.js - 304 Not Modified (0ms)


Started GET "/assets/jquery_ujs.js?body=1" for 127.0.0.1 at 2014-01-05 13:18:42 -0800
Served asset /jquery_ujs.js - 304 Not Modified (0ms)


Started GET "/assets/twitter/bootstrap/bootstrap-alert.js?body=1" for 127.0.0.1 at 2014-01-05 13:18:42 -0800
Served asset /twitter/bootstrap/bootstrap-alert.js - 304 Not Modified (0ms)


Started GET "/assets/twitter/bootstrap/bootstrap-transition.js?body=1" for 127.0.0.1 at 2014-01-05 13:18:42 -0800
Served asset /twitter/bootstrap/bootstrap-transition.js - 304 Not Modified (0ms)


Started GET "/assets/twitter/bootstrap/bootstrap-scrollspy.js?body=1" for 127.0.0.1 at 2014-01-05 13:18:42 -0800
Served asset /twitter/bootstrap/bootstrap-scrollspy.js - 304 Not Modified (0ms)


Started GET "/assets/twitter/bootstrap/bootstrap-dropdown.js?body=1" for 127.0.0.1 at 2014-01-05 13:18:42 -0800
Served asset /twitter/bootstrap/bootstrap-dropdown.js - 304 Not Modified (0ms)


Started GET "/assets/twitter/bootstrap/bootstrap-modal.js?body=1" for 127.0.0.1 at 2014-01-05 13:18:42 -0800
Served asset /twitter/bootstrap/bootstrap-modal.js - 304 Not Modified (0ms)


Started GET "/assets/twitter/bootstrap/bootstrap-tab.js?body=1" for 127.0.0.1 at 2014-01-05 13:18:42 -0800
Served asset /twitter/bootstrap/bootstrap-tab.js - 304 Not Modified (0ms)


Started GET "/assets/twitter/bootstrap/bootstrap-tooltip.js?body=1" for 127.0.0.1 at 2014-01-05 13:18:42 -0800
Served asset /twitter/bootstrap/bootstrap-tooltip.js - 304 Not Modified (0ms)


Started GET "/assets/twitter/bootstrap/bootstrap-popover.js?body=1" for 127.0.0.1 at 2014-01-05 13:18:42 -0800
Served asset /twitter/bootstrap/bootstrap-popover.js - 304 Not Modified (0ms)


Started GET "/assets/twitter/bootstrap/bootstrap-button.js?body=1" for 127.0.0.1 at 2014-01-05 13:18:42 -0800
Served asset /twitter/bootstrap/bootstrap-button.js - 304 Not Modified (0ms)


Started GET "/assets/twitter/bootstrap/bootstrap-carousel.js?body=1" for 127.0.0.1 at 2014-01-05 13:18:42 -0800
Served asset /twitter/bootstrap/bootstrap-carousel.js - 304 Not Modified (0ms)


Started GET "/assets/twitter/bootstrap/bootstrap-collapse.js?body=1" for 127.0.0.1 at 2014-01-05 13:18:42 -0800
Served asset /twitter/bootstrap/bootstrap-collapse.js - 304 Not Modified (0ms)


Started GET "/assets/twitter/bootstrap/bootstrap-typeahead.js?body=1" for 127.0.0.1 at 2014-01-05 13:18:42 -0800
Served asset /twitter/bootstrap/bootstrap-typeahead.js - 304 Not Modified (0ms)


Started GET "/assets/twitter/bootstrap/bootstrap-affix.js?body=1" for 127.0.0.1 at 2014-01-05 13:18:42 -0800
Served asset /twitter/bootstrap/bootstrap-affix.js - 304 Not Modified (0ms)


Started GET "/assets/bootstrap.js?body=1" for 127.0.0.1 at 2014-01-05 13:18:42 -0800
Served asset /bootstrap.js - 304 Not Modified (0ms)


Started GET "/assets/application.js?body=1" for 127.0.0.1 at 2014-01-05 13:18:42 -0800
Served asset /application.js - 304 Not Modified (0ms)


Started GET "/assets/twitter/bootstrap.js?body=1" for 127.0.0.1 at 2014-01-05 13:18:42 -0800
Served asset /twitter/bootstrap.js - 304 Not Modified (0ms)
Connecting to database specified by database.yml
Connecting to database specified by database.yml
  [1m[36m (14.7ms)[0m  [1mSELECT "schema_migrations"."version" FROM "schema_migrations" [0m
Migrating to CreateLocations (20140105193928)
Migrating to AddPlacesToLocations (20140109040124)
  [1m[35m (0.1ms)[0m  select sqlite_version(*)
  [1m[36m (0.0ms)[0m  [1mbegin transaction[0m
  [1m[35m (0.7ms)[0m  ALTER TABLE "locations" ADD "places" varchar(255)
  [1m[36m (0.1ms)[0m  [1mINSERT INTO "schema_migrations" ("version") VALUES ('20140109040124')[0m
  [1m[35m (317.0ms)[0m  commit transaction
  [1m[36m (0.2ms)[0m  [1mSELECT "schema_migrations"."version" FROM "schema_migrations" [0m
Connecting to database specified by database.yml


Started GET "/assets/rails.png" for 127.0.0.1 at 2014-01-08 20:11:29 -0800
Served asset /rails.png - 200 OK (56ms)


Started GET "/locations/new" for 127.0.0.1 at 2014-01-08 20:11:33 -0800
Processing by LocationsController#new as HTML
  Rendered locations/_form.html.erb (58.9ms)
  Rendered locations/new.html.erb within layouts/application (96.7ms)
Completed 200 OK in 511ms (Views: 383.1ms | ActiveRecord: 45.8ms)


Started GET "/assets/application.css?body=1" for 127.0.0.1 at 2014-01-08 20:11:34 -0800
Served asset /application.css - 304 Not Modified (10ms)


Started GET "/assets/jquery.js?body=1" for 127.0.0.1 at 2014-01-08 20:11:34 -0800
Served asset /jquery.js - 200 OK (4ms)


Started GET "/assets/twitter/bootstrap/bootstrap-alert.js?body=1" for 127.0.0.1 at 2014-01-08 20:11:34 -0800
Served asset /twitter/bootstrap/bootstrap-alert.js - 200 OK (2ms)


Started GET "/assets/bootstrap_and_overrides.css?body=1" for 127.0.0.1 at 2014-01-08 20:11:34 -0800
Served asset /bootstrap_and_overrides.css - 304 Not Modified (4ms)


Started GET "/assets/twitter/bootstrap/bootstrap-transition.js?body=1" for 127.0.0.1 at 2014-01-08 20:11:34 -0800
Served asset /twitter/bootstrap/bootstrap-transition.js - 200 OK (3ms)


Started GET "/assets/jquery_ujs.js?body=1" for 127.0.0.1 at 2014-01-08 20:11:34 -0800
Served asset /jquery_ujs.js - 200 OK (2ms)


Started GET "/assets/twitter/bootstrap/bootstrap-modal.js?body=1" for 127.0.0.1 at 2014-01-08 20:11:34 -0800
Served asset /twitter/bootstrap/bootstrap-modal.js - 200 OK (4ms)


Started GET "/assets/twitter/bootstrap/bootstrap-dropdown.js?body=1" for 127.0.0.1 at 2014-01-08 20:11:34 -0800
Served asset /twitter/bootstrap/bootstrap-dropdown.js - 200 OK (2ms)


Started GET "/assets/twitter/bootstrap/bootstrap-scrollspy.js?body=1" for 127.0.0.1 at 2014-01-08 20:11:34 -0800
Served asset /twitter/bootstrap/bootstrap-scrollspy.js - 200 OK (2ms)


Started GET "/assets/twitter/bootstrap/bootstrap-tooltip.js?body=1" for 127.0.0.1 at 2014-01-08 20:11:34 -0800
Served asset /twitter/bootstrap/bootstrap-tooltip.js - 200 OK (2ms)


Started GET "/assets/twitter/bootstrap/bootstrap-tab.js?body=1" for 127.0.0.1 at 2014-01-08 20:11:34 -0800
Served asset /twitter/bootstrap/bootstrap-tab.js - 200 OK (1ms)


Started GET "/assets/twitter/bootstrap/bootstrap-popover.js?body=1" for 127.0.0.1 at 2014-01-08 20:11:34 -0800
Served asset /twitter/bootstrap/bootstrap-popover.js - 200 OK (1ms)


Started GET "/assets/twitter/bootstrap/bootstrap-button.js?body=1" for 127.0.0.1 at 2014-01-08 20:11:34 -0800
Served asset /twitter/bootstrap/bootstrap-button.js - 200 OK (1ms)


Started GET "/assets/twitter/bootstrap/bootstrap-collapse.js?body=1" for 127.0.0.1 at 2014-01-08 20:11:34 -0800
Served asset /twitter/bootstrap/bootstrap-collapse.js - 200 OK (2ms)


Started GET "/assets/twitter/bootstrap/bootstrap-typeahead.js?body=1" for 127.0.0.1 at 2014-01-08 20:11:34 -0800
Served asset /twitter/bootstrap/bootstrap-typeahead.js - 200 OK (2ms)


Started GET "/assets/twitter/bootstrap/bootstrap-carousel.js?body=1" for 127.0.0.1 at 2014-01-08 20:11:34 -0800
Served asset /twitter/bootstrap/bootstrap-carousel.js - 200 OK (2ms)


Started GET "/assets/twitter/bootstrap/bootstrap-affix.js?body=1" for 127.0.0.1 at 2014-01-08 20:11:34 -0800
Served asset /twitter/bootstrap/bootstrap-affix.js - 200 OK (2ms)


Started GET "/assets/twitter/bootstrap.js?body=1" for 127.0.0.1 at 2014-01-08 20:11:34 -0800
Served asset /twitter/bootstrap.js - 200 OK (12ms)


Started GET "/assets/bootstrap.js?body=1" for 127.0.0.1 at 2014-01-08 20:11:34 -0800
Served asset /bootstrap.js - 200 OK (1ms)


Started GET "/assets/application.js?body=1" for 127.0.0.1 at 2014-01-08 20:11:34 -0800
Served asset /application.js - 200 OK (38ms)


Started POST "/locations" for 127.0.0.1 at 2014-01-08 20:11:44 -0800
Processing by LocationsController#create as HTML
  Parameters: {"utf8"=>"✓", "authenticity_token"=>"7lbeG9lUcP2iOVV+EucXRUQx+hn6wIbGAS6DklccS3Y=", "location"=>{"address"=>"12622 Lido Way, Saratoga, CA", "latitude"=>"", "longitude"=>"", "places"=>"Food"}, "commit"=>"Create Location"}
  [1m[36m (0.1ms)[0m  [1mbegin transaction[0m
  [1m[35mSQL (141.0ms)[0m  INSERT INTO "locations" ("address", "created_at", "latitude", "longitude", "places", "updated_at") VALUES (?, ?, ?, ?, ?, ?)  [["address", "12622 Lido Way, Saratoga, CA"], ["created_at", Thu, 09 Jan 2014 04:11:45 UTC +00:00], ["latitude", 37.2864379], ["longitude", -122.024625], ["places", "Food"], ["updated_at", Thu, 09 Jan 2014 04:11:45 UTC +00:00]]
  [1m[36m (3.9ms)[0m  [1mcommit transaction[0m
Redirected to http://localhost:3000/locations/3
Completed 302 Found in 746ms (ActiveRecord: 145.0ms)


Started GET "/locations/3" for 127.0.0.1 at 2014-01-08 20:11:45 -0800
Processing by LocationsController#show as HTML
  Parameters: {"id"=>"3"}
  [1m[35mLocation Load (0.3ms)[0m  SELECT "locations".* FROM "locations" WHERE "locations"."id" = ? LIMIT 1  [["id", "3"]]
  Rendered locations/show.html.erb within layouts/application (61.9ms)
Completed 500 Internal Server Error in 123ms

ActionView::Template::Error (undefined method `place' for #<Location:0x007fe88f82e1f8>):
    13: </p>
    14: <p>
    15:   <strong>Longitude:</strong>
    16:   <%= @location.place %>
    17: </p>
    18: 
    19: 
  app/views/locations/show.html.erb:16:in `_app_views_locations_show_html_erb__355553322640932457_70318379963760'


  Rendered /Users/jchen/.rvm/gems/ruby-1.9.3-p448/gems/actionpack-3.2.14/lib/action_dispatch/middleware/templates/rescues/_trace.erb (1.2ms)
  Rendered /Users/jchen/.rvm/gems/ruby-1.9.3-p448/gems/actionpack-3.2.14/lib/action_dispatch/middleware/templates/rescues/_request_and_response.erb (1.3ms)
  Rendered /Users/jchen/.rvm/gems/ruby-1.9.3-p448/gems/actionpack-3.2.14/lib/action_dispatch/middleware/templates/rescues/template_error.erb within rescues/layout (31.3ms)


Started GET "/locations/3" for 127.0.0.1 at 2014-01-08 20:11:57 -0800
Processing by LocationsController#show as HTML
  Parameters: {"id"=>"3"}
  [1m[36mLocation Load (0.2ms)[0m  [1mSELECT "locations".* FROM "locations" WHERE "locations"."id" = ? LIMIT 1[0m  [["id", "3"]]
  [1m[35mLocation Load (0.3ms)[0m  SELECT locations.*, (69.09332411348201 * ABS(locations.latitude - 37.2864379) * 0.7071067811865475) + (59.836573914187355 * ABS(locations.longitude - -122.024625) * 0.7071067811865475) AS distance, CASE WHEN (locations.latitude >= 37.2864379 AND locations.longitude >= -122.024625) THEN 45.0 WHEN (locations.latitude < 37.2864379 AND locations.longitude >= -122.024625) THEN 135.0 WHEN (locations.latitude < 37.2864379 AND locations.longitude < -122.024625) THEN 225.0 WHEN (locations.latitude >= 37.2864379 AND locations.longitude < -122.024625) THEN 315.0 END AS bearing FROM "locations" WHERE (locations.latitude BETWEEN 37.141706116889154 AND 37.43116968311085 AND locations.longitude BETWEEN -122.20653639915534 AND -121.84271360084466 AND locations.id != 3) ORDER BY distance ASC
  Rendered locations/show.html.erb within layouts/application (42.3ms)
Completed 200 OK in 50ms (Views: 48.6ms | ActiveRecord: 0.5ms)


Started GET "/assets/jquery_ujs.js?body=1" for 127.0.0.1 at 2014-01-08 20:11:57 -0800
Served asset /jquery_ujs.js - 304 Not Modified (0ms)


Started GET "/assets/bootstrap_and_overrides.css?body=1" for 127.0.0.1 at 2014-01-08 20:11:57 -0800
Served asset /bootstrap_and_overrides.css - 304 Not Modified (0ms)


Started GET "/assets/twitter/bootstrap/bootstrap-transition.js?body=1" for 127.0.0.1 at 2014-01-08 20:11:57 -0800
Served asset /twitter/bootstrap/bootstrap-transition.js - 304 Not Modified (0ms)


Started GET "/assets/jquery.js?body=1" for 127.0.0.1 at 2014-01-08 20:11:57 -0800
Served asset /jquery.js - 304 Not Modified (0ms)


Started GET "/assets/twitter/bootstrap/bootstrap-alert.js?body=1" for 127.0.0.1 at 2014-01-08 20:11:57 -0800
Served asset /twitter/bootstrap/bootstrap-alert.js - 304 Not Modified (0ms)


Started GET "/assets/twitter/bootstrap/bootstrap-modal.js?body=1" for 127.0.0.1 at 2014-01-08 20:11:57 -0800
Served asset /twitter/bootstrap/bootstrap-modal.js - 304 Not Modified (0ms)


Started GET "/assets/application.css?body=1" for 127.0.0.1 at 2014-01-08 20:11:57 -0800
Served asset /application.css - 304 Not Modified (0ms)


Started GET "/assets/twitter/bootstrap/bootstrap-scrollspy.js?body=1" for 127.0.0.1 at 2014-01-08 20:11:57 -0800
Served asset /twitter/bootstrap/bootstrap-scrollspy.js - 304 Not Modified (0ms)


Started GET "/assets/twitter/bootstrap/bootstrap-dropdown.js?body=1" for 127.0.0.1 at 2014-01-08 20:11:57 -0800
Served asset /twitter/bootstrap/bootstrap-dropdown.js - 304 Not Modified (0ms)


Started GET "/assets/twitter/bootstrap/bootstrap-tooltip.js?body=1" for 127.0.0.1 at 2014-01-08 20:11:57 -0800
Served asset /twitter/bootstrap/bootstrap-tooltip.js - 304 Not Modified (0ms)


Started GET "/assets/twitter/bootstrap/bootstrap-tab.js?body=1" for 127.0.0.1 at 2014-01-08 20:11:57 -0800
Served asset /twitter/bootstrap/bootstrap-tab.js - 304 Not Modified (0ms)


Started GET "/assets/twitter/bootstrap/bootstrap-popover.js?body=1" for 127.0.0.1 at 2014-01-08 20:11:57 -0800
Served asset /twitter/bootstrap/bootstrap-popover.js - 304 Not Modified (0ms)


Started GET "/assets/twitter/bootstrap/bootstrap-button.js?body=1" for 127.0.0.1 at 2014-01-08 20:11:57 -0800
Served asset /twitter/bootstrap/bootstrap-button.js - 304 Not Modified (0ms)


Started GET "/assets/twitter/bootstrap/bootstrap-collapse.js?body=1" for 127.0.0.1 at 2014-01-08 20:11:57 -0800
Served asset /twitter/bootstrap/bootstrap-collapse.js - 304 Not Modified (0ms)


Started GET "/assets/twitter/bootstrap/bootstrap-carousel.js?body=1" for 127.0.0.1 at 2014-01-08 20:11:57 -0800
Served asset /twitter/bootstrap/bootstrap-carousel.js - 304 Not Modified (0ms)


Started GET "/assets/twitter/bootstrap/bootstrap-typeahead.js?body=1" for 127.0.0.1 at 2014-01-08 20:11:57 -0800
Served asset /twitter/bootstrap/bootstrap-typeahead.js - 304 Not Modified (0ms)


Started GET "/assets/bootstrap.js?body=1" for 127.0.0.1 at 2014-01-08 20:11:57 -0800
Served asset /bootstrap.js - 304 Not Modified (0ms)


Started GET "/assets/twitter/bootstrap/bootstrap-affix.js?body=1" for 127.0.0.1 at 2014-01-08 20:11:57 -0800
Served asset /twitter/bootstrap/bootstrap-affix.js - 304 Not Modified (0ms)


Started GET "/assets/twitter/bootstrap.js?body=1" for 127.0.0.1 at 2014-01-08 20:11:57 -0800
Served asset /twitter/bootstrap.js - 304 Not Modified (0ms)


Started GET "/assets/application.js?body=1" for 127.0.0.1 at 2014-01-08 20:11:57 -0800
Served asset /application.js - 304 Not Modified (0ms)


Started GET "/locations/3" for 127.0.0.1 at 2014-01-08 20:16:21 -0800
Processing by LocationsController#show as HTML
  Parameters: {"id"=>"3"}
  [1m[36mLocation Load (0.4ms)[0m  [1mSELECT "locations".* FROM "locations" WHERE "locations"."id" = ? LIMIT 1[0m  [["id", "3"]]
Completed 500 Internal Server Error in 39ms

NameError (uninitialized constant LocationsController::AIzaSyD5i2AC5JHNBxRSx_hQ2qDpLjX58uXyTfg):
  app/controllers/locations_controller.rb:8:in `show'


  Rendered /Users/jchen/.rvm/gems/ruby-1.9.3-p448/gems/actionpack-3.2.14/lib/action_dispatch/middleware/templates/rescues/_trace.erb (1.7ms)
  Rendered /Users/jchen/.rvm/gems/ruby-1.9.3-p448/gems/actionpack-3.2.14/lib/action_dispatch/middleware/templates/rescues/_request_and_response.erb (1.4ms)
  Rendered /Users/jchen/.rvm/gems/ruby-1.9.3-p448/gems/actionpack-3.2.14/lib/action_dispatch/middleware/templates/rescues/diagnostics.erb within rescues/layout (12.3ms)
Connecting to database specified by database.yml


Started GET "/locations/3" for 127.0.0.1 at 2014-01-08 20:20:07 -0800
Processing by LocationsController#show as HTML
  Parameters: {"id"=>"3"}
  [1m[36mLocation Load (0.3ms)[0m  [1mSELECT "locations".* FROM "locations" WHERE "locations"."id" = ? LIMIT 1[0m  [["id", "3"]]
Completed 500 Internal Server Error in 159ms

NameError (uninitialized constant LocationsController::AIzaSyD5i2AC5JHNBxRSx_hQ2qDpLjX58uXyTfg):
  app/controllers/locations_controller.rb:8:in `show'


  Rendered /Users/jchen/.rvm/gems/ruby-1.9.3-p448/gems/actionpack-3.2.14/lib/action_dispatch/middleware/templates/rescues/_trace.erb (2.2ms)
  Rendered /Users/jchen/.rvm/gems/ruby-1.9.3-p448/gems/actionpack-3.2.14/lib/action_dispatch/middleware/templates/rescues/_request_and_response.erb (1.6ms)
  Rendered /Users/jchen/.rvm/gems/ruby-1.9.3-p448/gems/actionpack-3.2.14/lib/action_dispatch/middleware/templates/rescues/diagnostics.erb within rescues/layout (42.1ms)


Started GET "/locations/3" for 127.0.0.1 at 2014-01-08 20:20:09 -0800
Processing by LocationsController#show as HTML
  Parameters: {"id"=>"3"}
  [1m[35mLocation Load (0.1ms)[0m  SELECT "locations".* FROM "locations" WHERE "locations"."id" = ? LIMIT 1  [["id", "3"]]
Completed 500 Internal Server Error in 2ms

NameError (uninitialized constant LocationsController::AIzaSyD5i2AC5JHNBxRSx_hQ2qDpLjX58uXyTfg):
  app/controllers/locations_controller.rb:8:in `show'


  Rendered /Users/jchen/.rvm/gems/ruby-1.9.3-p448/gems/actionpack-3.2.14/lib/action_dispatch/middleware/templates/rescues/_trace.erb (1.0ms)
  Rendered /Users/jchen/.rvm/gems/ruby-1.9.3-p448/gems/actionpack-3.2.14/lib/action_dispatch/middleware/templates/rescues/_request_and_response.erb (0.8ms)
  Rendered /Users/jchen/.rvm/gems/ruby-1.9.3-p448/gems/actionpack-3.2.14/lib/action_dispatch/middleware/templates/rescues/diagnostics.erb within rescues/layout (6.7ms)


Started POST "/locations" for 127.0.0.1 at 2014-01-08 20:20:13 -0800
Processing by LocationsController#create as HTML
  Parameters: {"utf8"=>"✓", "authenticity_token"=>"7lbeG9lUcP2iOVV+EucXRUQx+hn6wIbGAS6DklccS3Y=", "location"=>{"address"=>"12622 Lido Way, Saratoga, CA", "latitude"=>"", "longitude"=>"", "places"=>"Food"}, "commit"=>"Create Location"}
  [1m[36m (0.1ms)[0m  [1mbegin transaction[0m
  [1m[35mSQL (111.0ms)[0m  INSERT INTO "locations" ("address", "created_at", "latitude", "longitude", "places", "updated_at") VALUES (?, ?, ?, ?, ?, ?)  [["address", "12622 Lido Way, Saratoga, CA"], ["created_at", Thu, 09 Jan 2014 04:20:13 UTC +00:00], ["latitude", 37.2864379], ["longitude", -122.024625], ["places", "Food"], ["updated_at", Thu, 09 Jan 2014 04:20:13 UTC +00:00]]
  [1m[36m (4.0ms)[0m  [1mcommit transaction[0m
Redirected to http://localhost:3000/locations/4
Completed 302 Found in 749ms (ActiveRecord: 115.1ms)


Started GET "/locations/4" for 127.0.0.1 at 2014-01-08 20:20:13 -0800
Processing by LocationsController#show as HTML
  Parameters: {"id"=>"4"}
  [1m[35mLocation Load (0.4ms)[0m  SELECT "locations".* FROM "locations" WHERE "locations"."id" = ? LIMIT 1  [["id", "4"]]
Completed 500 Internal Server Error in 2ms

NameError (uninitialized constant LocationsController::AIzaSyD5i2AC5JHNBxRSx_hQ2qDpLjX58uXyTfg):
  app/controllers/locations_controller.rb:8:in `show'


  Rendered /Users/jchen/.rvm/gems/ruby-1.9.3-p448/gems/actionpack-3.2.14/lib/action_dispatch/middleware/templates/rescues/_trace.erb (0.9ms)
  Rendered /Users/jchen/.rvm/gems/ruby-1.9.3-p448/gems/actionpack-3.2.14/lib/action_dispatch/middleware/templates/rescues/_request_and_response.erb (1.0ms)
  Rendered /Users/jchen/.rvm/gems/ruby-1.9.3-p448/gems/actionpack-3.2.14/lib/action_dispatch/middleware/templates/rescues/diagnostics.erb within rescues/layout (6.8ms)


Started GET "/locations/4" for 127.0.0.1 at 2014-01-08 20:31:23 -0800
Processing by LocationsController#show as HTML
  Parameters: {"id"=>"4"}
  [1m[36mLocation Load (0.2ms)[0m  [1mSELECT "locations".* FROM "locations" WHERE "locations"."id" = ? LIMIT 1[0m  [["id", "4"]]
Completed 500 Internal Server Error in 17ms

NoMethodError (undefined method `search' for #<GooglePlaces::Client:0x007f864facd3c0>):
  app/controllers/locations_controller.rb:11:in `show'


  Rendered /Users/jchen/.rvm/gems/ruby-1.9.3-p448/gems/actionpack-3.2.14/lib/action_dispatch/middleware/templates/rescues/_trace.erb (1.8ms)
  Rendered /Users/jchen/.rvm/gems/ruby-1.9.3-p448/gems/actionpack-3.2.14/lib/action_dispatch/middleware/templates/rescues/_request_and_response.erb (1.0ms)
  Rendered /Users/jchen/.rvm/gems/ruby-1.9.3-p448/gems/actionpack-3.2.14/lib/action_dispatch/middleware/templates/rescues/diagnostics.erb within rescues/layout (93.7ms)


Started GET "/locations/4" for 127.0.0.1 at 2014-01-08 20:32:17 -0800
Processing by LocationsController#show as HTML
  Parameters: {"id"=>"4"}
  [1m[35mLocation Load (0.2ms)[0m  SELECT "locations".* FROM "locations" WHERE "locations"."id" = ? LIMIT 1  [["id", "4"]]
Completed 500 Internal Server Error in 10ms

NoMethodError (undefined method `details' for #<GooglePlaces::Client:0x007f864eb51108>):
  app/controllers/locations_controller.rb:11:in `show'


  Rendered /Users/jchen/.rvm/gems/ruby-1.9.3-p448/gems/actionpack-3.2.14/lib/action_dispatch/middleware/templates/rescues/_trace.erb (1.3ms)
  Rendered /Users/jchen/.rvm/gems/ruby-1.9.3-p448/gems/actionpack-3.2.14/lib/action_dispatch/middleware/templates/rescues/_request_and_response.erb (1.7ms)
  Rendered /Users/jchen/.rvm/gems/ruby-1.9.3-p448/gems/actionpack-3.2.14/lib/action_dispatch/middleware/templates/rescues/diagnostics.erb within rescues/layout (12.4ms)


Started POST "/locations" for 127.0.0.1 at 2014-01-08 22:19:05 -0800
Processing by LocationsController#create as HTML
  Parameters: {"utf8"=>"✓", "authenticity_token"=>"7lbeG9lUcP2iOVV+EucXRUQx+hn6wIbGAS6DklccS3Y=", "location"=>{"address"=>"12622 Lido Way, Saratoga, CA", "latitude"=>"", "longitude"=>"", "places"=>"Food"}, "commit"=>"Create Location"}
  [1m[36m (0.2ms)[0m  [1mbegin transaction[0m
  [1m[35mSQL (48.5ms)[0m  INSERT INTO "locations" ("address", "created_at", "latitude", "longitude", "places", "updated_at") VALUES (?, ?, ?, ?, ?, ?)  [["address", "12622 Lido Way, Saratoga, CA"], ["created_at", Thu, 09 Jan 2014 06:19:06 UTC +00:00], ["latitude", 37.2864379], ["longitude", -122.024625], ["places", "Food"], ["updated_at", Thu, 09 Jan 2014 06:19:06 UTC +00:00]]
  [1m[36m (3.6ms)[0m  [1mcommit transaction[0m
Redirected to http://localhost:3000/locations/5
Completed 302 Found in 715ms (ActiveRecord: 53.4ms)


Started GET "/locations/5" for 127.0.0.1 at 2014-01-08 22:19:06 -0800
Processing by LocationsController#show as HTML
  Parameters: {"id"=>"5"}
  [1m[35mLocation Load (0.3ms)[0m  SELECT "locations".* FROM "locations" WHERE "locations"."id" = ? LIMIT 1  [["id", "5"]]
Completed 500 Internal Server Error in 546ms

GooglePlaces::RequestDeniedError (GooglePlaces::RequestDeniedError):
  app/controllers/locations_controller.rb:10:in `show'


  Rendered /Users/jchen/.rvm/gems/ruby-1.9.3-p448/gems/actionpack-3.2.14/lib/action_dispatch/middleware/templates/rescues/_trace.erb (1.4ms)
  Rendered /Users/jchen/.rvm/gems/ruby-1.9.3-p448/gems/actionpack-3.2.14/lib/action_dispatch/middleware/templates/rescues/_request_and_response.erb (1.7ms)
  Rendered /Users/jchen/.rvm/gems/ruby-1.9.3-p448/gems/actionpack-3.2.14/lib/action_dispatch/middleware/templates/rescues/diagnostics.erb within rescues/layout (11.5ms)


Started GET "/locations/5" for 127.0.0.1 at 2014-01-08 22:43:22 -0800
Processing by LocationsController#show as HTML
  Parameters: {"id"=>"5"}
  [1m[36mLocation Load (0.2ms)[0m  [1mSELECT "locations".* FROM "locations" WHERE "locations"."id" = ? LIMIT 1[0m  [["id", "5"]]
  [1m[35mLocation Load (0.6ms)[0m  SELECT locations.*, (69.09332411348201 * ABS(locations.latitude - 37.2864379) * 0.7071067811865475) + (59.836573914187355 * ABS(locations.longitude - -122.024625) * 0.7071067811865475) AS distance, CASE WHEN (locations.latitude >= 37.2864379 AND locations.longitude >= -122.024625) THEN 45.0 WHEN (locations.latitude < 37.2864379 AND locations.longitude >= -122.024625) THEN 135.0 WHEN (locations.latitude < 37.2864379 AND locations.longitude < -122.024625) THEN 225.0 WHEN (locations.latitude >= 37.2864379 AND locations.longitude < -122.024625) THEN 315.0 END AS bearing FROM "locations" WHERE (locations.latitude BETWEEN 37.141706116889154 AND 37.43116968311085 AND locations.longitude BETWEEN -122.20653639915534 AND -121.84271360084466 AND locations.id != 5) ORDER BY distance ASC
  Rendered locations/show.html.erb within layouts/application (93.5ms)
Completed 200 OK in 1217ms (Views: 579.7ms | ActiveRecord: 1.9ms)


Started GET "/assets/application.css?body=1" for 127.0.0.1 at 2014-01-08 22:43:24 -0800
Served asset /application.css - 304 Not Modified (7ms)


Started GET "/assets/bootstrap_and_overrides.css?body=1" for 127.0.0.1 at 2014-01-08 22:43:24 -0800
Served asset /bootstrap_and_overrides.css - 304 Not Modified (28ms)


Started GET "/assets/jquery.js?body=1" for 127.0.0.1 at 2014-01-08 22:43:24 -0800
Served asset /jquery.js - 200 OK (54ms)


Started GET "/assets/twitter/bootstrap/bootstrap-transition.js?body=1" for 127.0.0.1 at 2014-01-08 22:43:25 -0800
Served asset /twitter/bootstrap/bootstrap-transition.js - 200 OK (40ms)


Started GET "/assets/twitter/bootstrap/bootstrap-alert.js?body=1" for 127.0.0.1 at 2014-01-08 22:43:25 -0800
Served asset /twitter/bootstrap/bootstrap-alert.js - 200 OK (1ms)


Started GET "/assets/jquery_ujs.js?body=1" for 127.0.0.1 at 2014-01-08 22:43:25 -0800
Served asset /jquery_ujs.js - 200 OK (2ms)


Started GET "/assets/twitter/bootstrap/bootstrap-modal.js?body=1" for 127.0.0.1 at 2014-01-08 22:43:25 -0800
Served asset /twitter/bootstrap/bootstrap-modal.js - 200 OK (3ms)


Started GET "/assets/twitter/bootstrap/bootstrap-dropdown.js?body=1" for 127.0.0.1 at 2014-01-08 22:43:25 -0800
Served asset /twitter/bootstrap/bootstrap-dropdown.js - 200 OK (3ms)


Started GET "/assets/twitter/bootstrap/bootstrap-tab.js?body=1" for 127.0.0.1 at 2014-01-08 22:43:25 -0800
Served asset /twitter/bootstrap/bootstrap-tab.js - 200 OK (3ms)


Started GET "/assets/twitter/bootstrap/bootstrap-tooltip.js?body=1" for 127.0.0.1 at 2014-01-08 22:43:25 -0800
Served asset /twitter/bootstrap/bootstrap-tooltip.js - 200 OK (4ms)


Started GET "/assets/twitter/bootstrap/bootstrap-scrollspy.js?body=1" for 127.0.0.1 at 2014-01-08 22:43:25 -0800
Served asset /twitter/bootstrap/bootstrap-scrollspy.js - 200 OK (2ms)


Started GET "/assets/twitter/bootstrap/bootstrap-button.js?body=1" for 127.0.0.1 at 2014-01-08 22:43:25 -0800
Served asset /twitter/bootstrap/bootstrap-button.js - 200 OK (4ms)


Started GET "/assets/twitter/bootstrap/bootstrap-popover.js?body=1" for 127.0.0.1 at 2014-01-08 22:43:25 -0800
Served asset /twitter/bootstrap/bootstrap-popover.js - 200 OK (3ms)


Started GET "/assets/twitter/bootstrap/bootstrap-collapse.js?body=1" for 127.0.0.1 at 2014-01-08 22:43:25 -0800
Served asset /twitter/bootstrap/bootstrap-collapse.js - 200 OK (3ms)


Started GET "/assets/twitter/bootstrap/bootstrap-carousel.js?body=1" for 127.0.0.1 at 2014-01-08 22:43:25 -0800
Served asset /twitter/bootstrap/bootstrap-carousel.js - 200 OK (2ms)


Started GET "/assets/twitter/bootstrap.js?body=1" for 127.0.0.1 at 2014-01-08 22:43:25 -0800
Served asset /twitter/bootstrap.js - 200 OK (24ms)


Started GET "/assets/twitter/bootstrap/bootstrap-affix.js?body=1" for 127.0.0.1 at 2014-01-08 22:43:25 -0800
Served asset /twitter/bootstrap/bootstrap-affix.js - 200 OK (4ms)


Started GET "/assets/bootstrap.js?body=1" for 127.0.0.1 at 2014-01-08 22:43:25 -0800
Served asset /bootstrap.js - 200 OK (3ms)


Started GET "/assets/twitter/bootstrap/bootstrap-typeahead.js?body=1" for 127.0.0.1 at 2014-01-08 22:43:25 -0800
Served asset /twitter/bootstrap/bootstrap-typeahead.js - 200 OK (2ms)


Started GET "/assets/application.js?body=1" for 127.0.0.1 at 2014-01-08 22:43:25 -0800
Served asset /application.js - 200 OK (23ms)
